<?xml version="1.0" encoding="UTF-8"?>
<testng-results skipped="0" failed="0" total="2" passed="2">
  <reporter-output>
  </reporter-output>
  <suite name="Default suite" duration-ms="6079" started-at="2017-01-09T10:15:11Z" finished-at="2017-01-09T10:15:17Z">
    <groups>
    </groups>
    <test name="Default test" duration-ms="6079" started-at="2017-01-09T10:15:11Z" finished-at="2017-01-09T10:15:17Z">
      <class name="com.test.Driver">
        <test-method status="PASS" signature="beforeTEST()[pri:0, instance:com.test.Driver@1081592]" name="beforeTEST" is-config="true" duration-ms="25" started-at="2017-01-09T15:45:11Z" finished-at="2017-01-09T15:45:11Z">
          <reporter-output>
          </reporter-output>
        </test-method> <!-- beforeTEST -->
        <test-method status="PASS" signature="testMethod(java.lang.String, java.lang.String, java.lang.String, java.lang.String, java.util.List, java.util.List)[pri:0, instance:com.test.Driver@1081592]" name="testMethod" duration-ms="3559" started-at="2017-01-09T15:45:13Z" data-provider="getInputData" finished-at="2017-01-09T15:45:16Z">
          <params>
            <param index="0">
              <value>
                <![CDATA[URL-1]]>
              </value>
            </param>
            <param index="1">
              <value>
                <![CDATA[yes]]>
              </value>
            </param>
            <param index="2">
              <value>
                <![CDATA[get]]>
              </value>
            </param>
            <param index="3">
              <value>
                <![CDATA[http://services.groupkt.com/country/get/iso2code/]]>
              </value>
            </param>
            <param index="4">
              <value>
                <![CDATA[[, , , ]]]>
              </value>
            </param>
            <param index="5">
              <value>
                <![CDATA[[       CA   , KL]]]>
              </value>
            </param>
          </params>
          <reporter-output>
          </reporter-output>
        </test-method> <!-- testMethod -->
        <test-method status="PASS" signature="testMethod(java.lang.String, java.lang.String, java.lang.String, java.lang.String, java.util.List, java.util.List)[pri:0, instance:com.test.Driver@1081592]" name="testMethod" duration-ms="1078" started-at="2017-01-09T15:45:16Z" data-provider="getInputData" finished-at="2017-01-09T15:45:17Z">
          <params>
            <param index="0">
              <value>
                <![CDATA[URL-2]]>
              </value>
            </param>
            <param index="1">
              <value>
                <![CDATA[yes]]>
              </value>
            </param>
            <param index="2">
              <value>
                <![CDATA[get]]>
              </value>
            </param>
            <param index="3">
              <value>
                <![CDATA[http://services.groupkt.com/state/get/IND/]]>
              </value>
            </param>
            <param index="4">
              <value>
                <![CDATA[[, , , ]]]>
              </value>
            </param>
            <param index="5">
              <value>
                <![CDATA[[      , UP]]]>
              </value>
            </param>
          </params>
          <reporter-output>
          </reporter-output>
        </test-method> <!-- testMethod -->
      </class> <!-- com.test.Driver -->
    </test> <!-- Default test -->
  </suite> <!-- Default suite -->
</testng-results>
